<?xml version="1.0" encoding="UTF-8"?>
<!-- Generated by org.testng.reporters.JUnitReportReporter -->
<testsuite hostname="DESKTOP-PPTOCDJ" failures="0" tests="3" name="executableclasses.LoginTest" time="55.138" errors="0" timestamp="2021-07-22T17:23:57 IST" skipped="0">
  <testcase classname="executableclasses.LoginTest" name="chemicalUrlLaunch" time="20.482"/>
  <system-out/>
  <testcase classname="executableclasses.LoginTest" name="search" time="16.718"/>
  <system-out/>
  <testcase classname="executableclasses.LoginTest" name="search" time="17.938"/>
  <system-out/>
</testsuite> <!-- executableclasses.LoginTest -->
